  main.cpp
D:\Проэкты\Моя крокозябра2\tut_Basic_Objects\main.cpp(34,46): warning C4305: инициализация: усечение из "double" в "float"
D:\Проэкты\Моя крокозябра2\tut_Basic_Objects\main.cpp(61,35): warning C4244: =: преобразование "double" в "float", возможна потеря данных
D:\Проэкты\Моя крокозябра2\tut_Basic_Objects\main.cpp(62,34): warning C4244: =: преобразование "double" в "float", возможна потеря данных
D:\Проэкты\Моя крокозябра2\tut_Basic_Objects\main.cpp(63,35): warning C4244: =: преобразование "double" в "float", возможна потеря данных
D:\Проэкты\Моя крокозябра2\tut_Basic_Objects\main.cpp(64,34): warning C4244: =: преобразование "double" в "float", возможна потеря данных
D:\Проэкты\Моя крокозябра2\tut_Basic_Objects\main.cpp(89,15): warning C4305: =: усечение из "double" в "float"
D:\Проэкты\Моя крокозябра2\tut_Basic_Objects\main.cpp(91,20): warning C4305: инициализация: усечение из "double" в "float"
D:\Проэкты\Моя крокозябра2\tut_Basic_Objects\main.cpp(103,33): warning C4305: инициализация: усечение из "double" в "float"
D:\Проэкты\Моя крокозябра2\tut_Basic_Objects\main.cpp(112,9): warning C4551: в вызове функции отсутствует список аргументов
D:\Проэкты\Моя крокозябра2\tut_Basic_Objects\main.cpp(117,24): warning C4305: =: усечение из "double" в "float"
D:\Проэкты\Моя крокозябра2\tut_Basic_Objects\main.cpp(118,24): warning C4305: =: усечение из "double" в "float"
D:\Проэкты\Моя крокозябра2\tut_Basic_Objects\main.cpp(120,24): warning C4305: =: усечение из "double" в "float"
D:\Проэкты\Моя крокозябра2\tut_Basic_Objects\main.cpp(123,29): warning C4305: аргумент: усечение из "double" в "GLfloat"
D:\Проэкты\Моя крокозябра2\tut_Basic_Objects\main.cpp(133,24): warning C4305: =: усечение из "double" в "float"
D:\Проэкты\Моя крокозябра2\tut_Basic_Objects\main.cpp(134,24): warning C4305: =: усечение из "double" в "float"
D:\Проэкты\Моя крокозябра2\tut_Basic_Objects\main.cpp(136,24): warning C4305: =: усечение из "double" в "float"
D:\Проэкты\Моя крокозябра2\tut_Basic_Objects\main.cpp(139,29): warning C4305: аргумент: усечение из "double" в "GLfloat"
D:\Проэкты\Моя крокозябра2\tut_Basic_Objects\main.cpp(153,22): warning C4305: =: усечение из "double" в "float"
D:\Проэкты\Моя крокозябра2\tut_Basic_Objects\main.cpp(160,23): warning C4305: =: усечение из "double" в "float"
D:\Проэкты\Моя крокозябра2\tut_Basic_Objects\main.cpp(161,23): warning C4305: =: усечение из "double" в "float"
D:\Проэкты\Моя крокозябра2\tut_Basic_Objects\main.cpp(162,23): warning C4305: =: усечение из "double" в "float"
D:\Проэкты\Моя крокозябра2\tut_Basic_Objects\main.cpp(163,24): warning C4305: =: усечение из "double" в "float"
D:\Проэкты\Моя крокозябра2\tut_Basic_Objects\main.cpp(164,27): warning C4305: =: усечение из "double" в "float"
D:\Проэкты\Моя крокозябра2\tut_Basic_Objects\main.cpp(177,19): warning C4244: инициализация: преобразование "double" в "float", возможна потеря данных
D:\Проэкты\Моя крокозябра2\tut_Basic_Objects\main.cpp(181,21): warning C4244: инициализация: преобразование "double" в "float", возможна потеря данных
D:\Проэкты\Моя крокозябра2\tut_Basic_Objects\main.cpp(188,23): warning C4244: =: преобразование "double" в "float", возможна потеря данных
D:\Проэкты\Моя крокозябра2\tut_Basic_Objects\main.cpp(216,20): warning C4305: инициализация: усечение из "double" в "float"
D:\Проэкты\Моя крокозябра2\tut_Basic_Objects\main.cpp(218,15): warning C4244: инициализация: преобразование "double" в "float", возможна потеря данных
D:\Проэкты\Моя крокозябра2\tut_Basic_Objects\main.cpp(220,27): warning C4305: аргумент: усечение из "double" в "GLfloat"
D:\Проэкты\Моя крокозябра2\tut_Basic_Objects\main.cpp(228,25): warning C4244: =: преобразование "double" в "float", возможна потеря данных
D:\Проэкты\Моя крокозябра2\tut_Basic_Objects\main.cpp(233,38): warning C4244: =: преобразование "double" в "float", возможна потеря данных
D:\Проэкты\Моя крокозябра2\tut_Basic_Objects\main.cpp(237,43): warning C4244: =: преобразование "double" в "float", возможна потеря данных
D:\Проэкты\Моя крокозябра2\tut_Basic_Objects\main.cpp(243,47): warning C4244: =: преобразование "double" в "float", возможна потеря данных
D:\Проэкты\Моя крокозябра2\tut_Basic_Objects\main.cpp(263,20): warning C4305: инициализация: усечение из "double" в "float"
D:\Проэкты\Моя крокозябра2\tut_Basic_Objects\main.cpp(265,15): warning C4244: инициализация: преобразование "double" в "float", возможна потеря данных
D:\Проэкты\Моя крокозябра2\tut_Basic_Objects\main.cpp(267,25): warning C4305: аргумент: усечение из "double" в "GLfloat"
D:\Проэкты\Моя крокозябра2\tut_Basic_Objects\main.cpp(290,5): warning C4551: в вызове функции отсутствует список аргументов
D:\Проэкты\Моя крокозябра2\tut_Basic_Objects\main.cpp(294,15): warning C4244: инициализация: преобразование "double" в "float", возможна потеря данных
D:\Проэкты\Моя крокозябра2\tut_Basic_Objects\main.cpp(320,23): warning C4305: =: усечение из "double" в "float"
D:\Проэкты\Моя крокозябра2\tut_Basic_Objects\main.cpp(321,23): warning C4305: =: усечение из "double" в "float"
D:\Проэкты\Моя крокозябра2\tut_Basic_Objects\main.cpp(322,24): warning C4305: =: усечение из "double" в "float"
D:\Проэкты\Моя крокозябра2\tut_Basic_Objects\main.cpp(328,9): warning C4551: в вызове функции отсутствует список аргументов
D:\Проэкты\Моя крокозябра2\tut_Basic_Objects\main.cpp(341,20): warning C4305: инициализация: усечение из "double" в "float"
D:\Проэкты\Моя крокозябра2\tut_Basic_Objects\main.cpp(371,25): warning C4244: аргумент: преобразование "double" в "GLfloat", возможна потеря данных
D:\Проэкты\Моя крокозябра2\tut_Basic_Objects\main.cpp(371,17): warning C4244: аргумент: преобразование "double" в "GLfloat", возможна потеря данных
D:\Проэкты\Моя крокозябра2\tut_Basic_Objects\main.cpp(376,27): warning C4305: аргумент: усечение из "double" в "GLfloat"
D:\Проэкты\Моя крокозябра2\tut_Basic_Objects\main.cpp(401,38): warning C4244: аргумент: преобразование "double" в "GLfloat", возможна потеря данных
D:\Проэкты\Моя крокозябра2\tut_Basic_Objects\main.cpp(401,28): warning C4244: аргумент: преобразование "double" в "GLfloat", возможна потеря данных
D:\Проэкты\Моя крокозябра2\tut_Basic_Objects\main.cpp(401,18): warning C4244: аргумент: преобразование "double" в "GLfloat", возможна потеря данных
D:\Проэкты\Моя крокозябра2\tut_Basic_Objects\main.cpp(409,38): warning C4244: аргумент: преобразование "double" в "GLfloat", возможна потеря данных
D:\Проэкты\Моя крокозябра2\tut_Basic_Objects\main.cpp(409,28): warning C4244: аргумент: преобразование "double" в "GLfloat", возможна потеря данных
D:\Проэкты\Моя крокозябра2\tut_Basic_Objects\main.cpp(409,18): warning C4244: аргумент: преобразование "double" в "GLfloat", возможна потеря данных
D:\Проэкты\Моя крокозябра2\tut_Basic_Objects\main.cpp(417,24): warning C4305: аргумент: усечение из "double" в "GLfloat"
D:\Проэкты\Моя крокозябра2\tut_Basic_Objects\main.cpp(443,38): warning C4244: аргумент: преобразование "double" в "GLfloat", возможна потеря данных
D:\Проэкты\Моя крокозябра2\tut_Basic_Objects\main.cpp(443,28): warning C4244: аргумент: преобразование "double" в "GLfloat", возможна потеря данных
D:\Проэкты\Моя крокозябра2\tut_Basic_Objects\main.cpp(443,18): warning C4244: аргумент: преобразование "double" в "GLfloat", возможна потеря данных
D:\Проэкты\Моя крокозябра2\tut_Basic_Objects\main.cpp(450,38): warning C4244: аргумент: преобразование "double" в "GLfloat", возможна потеря данных
D:\Проэкты\Моя крокозябра2\tut_Basic_Objects\main.cpp(450,28): warning C4244: аргумент: преобразование "double" в "GLfloat", возможна потеря данных
D:\Проэкты\Моя крокозябра2\tut_Basic_Objects\main.cpp(450,18): warning C4244: аргумент: преобразование "double" в "GLfloat", возможна потеря данных
D:\Проэкты\Моя крокозябра2\tut_Basic_Objects\main.cpp(452,28): warning C4305: аргумент: усечение из "double" в "GLfloat"
D:\Проэкты\Моя крокозябра2\tut_Basic_Objects\main.cpp(457,38): warning C4244: аргумент: преобразование "double" в "GLfloat", возможна потеря данных
D:\Проэкты\Моя крокозябра2\tut_Basic_Objects\main.cpp(457,28): warning C4244: аргумент: преобразование "double" в "GLfloat", возможна потеря данных
D:\Проэкты\Моя крокозябра2\tut_Basic_Objects\main.cpp(457,18): warning C4244: аргумент: преобразование "double" в "GLfloat", возможна потеря данных
D:\Проэкты\Моя крокозябра2\tut_Basic_Objects\main.cpp(466,25): warning C4305: аргумент: усечение из "double" в "GLfloat"
D:\Проэкты\Моя крокозябра2\tut_Basic_Objects\main.cpp(479,25): warning C4305: аргумент: усечение из "double" в "GLfloat"
D:\Проэкты\Моя крокозябра2\tut_Basic_Objects\main.cpp(494,18): warning C4244: аргумент: преобразование "double" в "GLfloat", возможна потеря данных
D:\Проэкты\Моя крокозябра2\tut_Basic_Objects\main.cpp(502,24): warning C4305: аргумент: усечение из "double" в "GLfloat"
D:\Проэкты\Моя крокозябра2\tut_Basic_Objects\main.cpp(510,25): warning C4305: аргумент: усечение из "double" в "GLfloat"
D:\Проэкты\Моя крокозябра2\tut_Basic_Objects\main.cpp(511,26): warning C4305: аргумент: усечение из "double" в "GLfloat"
D:\Проэкты\Моя крокозябра2\tut_Basic_Objects\main.cpp(512,27): warning C4305: аргумент: усечение из "double" в "GLfloat"
D:\Проэкты\Моя крокозябра2\tut_Basic_Objects\main.cpp(513,26): warning C4305: аргумент: усечение из "double" в "GLfloat"
D:\Проэкты\Моя крокозябра2\tut_Basic_Objects\main.cpp(514,25): warning C4305: аргумент: усечение из "double" в "GLfloat"
D:\Проэкты\Моя крокозябра2\tut_Basic_Objects\main.cpp(523,25): warning C4305: аргумент: усечение из "double" в "GLfloat"
D:\Проэкты\Моя крокозябра2\tut_Basic_Objects\main.cpp(534,38): warning C4244: аргумент: преобразование "double" в "GLfloat", возможна потеря данных
D:\Проэкты\Моя крокозябра2\tut_Basic_Objects\main.cpp(534,28): warning C4244: аргумент: преобразование "double" в "GLfloat", возможна потеря данных
D:\Проэкты\Моя крокозябра2\tut_Basic_Objects\main.cpp(534,18): warning C4244: аргумент: преобразование "double" в "GLfloat", возможна потеря данных
D:\Проэкты\Моя крокозябра2\tut_Basic_Objects\main.cpp(541,27): warning C4305: аргумент: усечение из "double" в "GLfloat"
D:\Проэкты\Моя крокозябра2\tut_Basic_Objects\main.cpp(596,28): warning C4305: аргумент: усечение из "double" в "GLfloat"
D:\Проэкты\Моя крокозябра2\tut_Basic_Objects\main.cpp(608,28): warning C4305: аргумент: усечение из "double" в "GLfloat"
D:\Проэкты\Моя крокозябра2\tut_Basic_Objects\main.cpp(619,29): warning C4305: аргумент: усечение из "double" в "GLfloat"
D:\Проэкты\Моя крокозябра2\tut_Basic_Objects\main.cpp(633,29): warning C4305: аргумент: усечение из "double" в "GLfloat"
D:\Проэкты\Моя крокозябра2\tut_Basic_Objects\main.cpp(647,29): warning C4305: аргумент: усечение из "double" в "GLfloat"
D:\Проэкты\Моя крокозябра2\tut_Basic_Objects\main.cpp(655,29): warning C4305: аргумент: усечение из "double" в "GLfloat"
D:\Проэкты\Моя крокозябра2\tut_Basic_Objects\main.cpp(664,29): warning C4305: аргумент: усечение из "double" в "GLfloat"
D:\Проэкты\Моя крокозябра2\tut_Basic_Objects\main.cpp(675,29): warning C4305: аргумент: усечение из "double" в "GLfloat"
D:\Проэкты\Моя крокозябра2\tut_Basic_Objects\main.cpp(683,29): warning C4305: аргумент: усечение из "double" в "GLfloat"
D:\Проэкты\Моя крокозябра2\tut_Basic_Objects\main.cpp(691,29): warning C4305: аргумент: усечение из "double" в "GLfloat"
D:\Проэкты\Моя крокозябра2\tut_Basic_Objects\main.cpp(699,29): warning C4305: аргумент: усечение из "double" в "GLfloat"
D:\Проэкты\Моя крокозябра2\tut_Basic_Objects\main.cpp(707,29): warning C4305: аргумент: усечение из "double" в "GLfloat"
D:\Проэкты\Моя крокозябра2\tut_Basic_Objects\main.cpp(716,29): warning C4305: аргумент: усечение из "double" в "GLfloat"
D:\Проэкты\Моя крокозябра2\tut_Basic_Objects\main.cpp(724,29): warning C4305: аргумент: усечение из "double" в "GLfloat"
D:\Проэкты\Моя крокозябра2\tut_Basic_Objects\main.cpp(734,41): warning C4244: аргумент: преобразование "double" в "GLfloat", возможна потеря данных
D:\Проэкты\Моя крокозябра2\tut_Basic_Objects\main.cpp(734,31): warning C4244: аргумент: преобразование "double" в "GLfloat", возможна потеря данных
D:\Проэкты\Моя крокозябра2\tut_Basic_Objects\main.cpp(734,19): warning C4244: аргумент: преобразование "double" в "GLfloat", возможна потеря данных
D:\Проэкты\Моя крокозябра2\tut_Basic_Objects\main.cpp(749,28): warning C4305: аргумент: усечение из "double" в "GLfloat"
D:\Проэкты\Моя крокозябра2\tut_Basic_Objects\main.cpp(761,28): warning C4305: аргумент: усечение из "double" в "GLfloat"
D:\Проэкты\Моя крокозябра2\tut_Basic_Objects\main.cpp(774,29): warning C4305: аргумент: усечение из "double" в "GLfloat"
D:\Проэкты\Моя крокозябра2\tut_Basic_Objects\main.cpp(782,29): warning C4305: аргумент: усечение из "double" в "GLfloat"
D:\Проэкты\Моя крокозябра2\tut_Basic_Objects\main.cpp(792,29): warning C4305: аргумент: усечение из "double" в "GLfloat"
D:\Проэкты\Моя крокозябра2\tut_Basic_Objects\main.cpp(804,28): warning C4305: аргумент: усечение из "double" в "GLfloat"
D:\Проэкты\Моя крокозябра2\tut_Basic_Objects\main.cpp(815,28): warning C4305: аргумент: усечение из "double" в "GLfloat"
D:\Проэкты\Моя крокозябра2\tut_Basic_Objects\main.cpp(824,28): warning C4305: аргумент: усечение из "double" в "GLfloat"
D:\Проэкты\Моя крокозябра2\tut_Basic_Objects\main.cpp(832,28): warning C4305: аргумент: усечение из "double" в "GLfloat"
D:\Проэкты\Моя крокозябра2\tut_Basic_Objects\main.cpp(841,28): warning C4305: аргумент: усечение из "double" в "GLfloat"
D:\Проэкты\Моя крокозябра2\tut_Basic_Objects\main.cpp(850,28): warning C4305: аргумент: усечение из "double" в "GLfloat"
D:\Проэкты\Моя крокозябра2\tut_Basic_Objects\main.cpp(858,26): warning C4305: аргумент: усечение из "double" в "GLfloat"
D:\Проэкты\Моя крокозябра2\tut_Basic_Objects\main.cpp(866,26): warning C4305: аргумент: усечение из "double" в "GLfloat"
D:\Проэкты\Моя крокозябра2\tut_Basic_Objects\main.cpp(884,23): warning C4018: <: несоответствие типов со знаком и без знака
  tut_Basic_Objects.vcxproj -> D:\Проэкты\Моя крокозябра2\Debug\tut_Basic_Objects.exe
